2023-05-31 19:26:18 [DEBUG]: --------self.session<requests.sessions.Session object at 0x043B4EE0>
2023-05-31 19:26:18 [DEBUG]: use headers{'User-Agent': 'Mozilla/5.0 (Windows NT 10.0; Win64; x64) AppleWebKit/537.36 (KHTML, like Gecko) Chrome/113.0.0.0 Safari/537.36', 'Accept-Encoding': 'gzip, deflate', 'Accept': '*/*', 'Connection': 'keep-alive', 'X-XSRF-TOKEN': '972BA24DEE1B6915AE02D00A78EF22955DB2287CBB02CBAD1541C49F776F0AEA9E3A203216918CD924CE979BEA64F2D56D8E'}send request
2023-05-31 19:26:18 [DEBUG]: POST request to https://login.welink.huaweicloud.com/sso/v3/pclogintenant
2023-05-31 19:26:18 [DEBUG]: request body: {'tenantId': 'A732A9AEE6984CFA97D9313C2A2E99A9', 'thirdAuthType': 1, 'userName': 'admin@d16fa496f47', 'password': 'lkjLKJ+2023', 'redirect_url': 'redirect_uri=https%3A%2F%2Fwelink.huaweicloud.com%2Fweb%2Fapp%2F%23%2Fathena-tenant%2FrightManaulTrigger%2FdesPage', 'errorCode': None, 'sliderUid': None, 'mobile': '+86-18576797850'}
2023-05-31 19:26:18 [DEBUG]: Starting new HTTPS connection (1): login.welink.huaweicloud.com:443
2023-05-31 19:26:19 [DEBUG]: https://login.welink.huaweicloud.com:443 "POST /sso/v3/pclogintenant HTTP/1.1" 200 None
2023-05-31 19:26:19 [DEBUG]: status code: 200
2023-05-31 19:26:19 [DEBUG]: response body: {"code":"0","forceModifyPassword":false,"message":"ok","url":"https://welink.huaweicloud.com/web/app/#/athena-tenant/rightManaulTrigger/desPage"}
2023-05-31 19:26:19 [DEBUG]: xxxxxxxxxxxxxxxxxxxxxxxx{'User-Agent': 'Mozilla/5.0 (Windows NT 10.0; Win64; x64) AppleWebKit/537.36 (KHTML, like Gecko) Chrome/113.0.0.0 Safari/537.36', 'Accept-Encoding': 'gzip, deflate', 'Accept': '*/*', 'Connection': 'keep-alive', 'X-XSRF-TOKEN': 'A25A084ADCDE81FE901C22BB3E9F432C40FE2D2D5DC9418AF6C520E159AA4C16A31E92644E67C558151AA1C22AE362C608DB'}
2023-05-31 19:26:19 [DEBUG]: 当前测试：test_demo_one
2023-05-31 19:26:19 [DEBUG]: 当前测试路径：C:\Users\18576797850_12553132\PycharmProjects\ApiTests\testcase\test_demo\test_push.py
2023-05-31 19:26:19 [DEBUG]: 用例数据路径：C:\Users\18576797850_12553132\PycharmProjects\ApiTests\testcase\test_demo\test_push.yaml
2023-05-31 19:26:19 [INFO]: 取值表达式 find_context_aware_event_service.request.startTime
2023-05-31 19:26:19 [INFO]: 取值异常：${find_context_aware_event_service.request.startTime}, 返回模板渲染结果: 2023-04-16
2023-05-31 19:26:19 [INFO]: 取值表达式 find_context_aware_event_service.request.endTime
2023-05-31 19:26:19 [INFO]: 取值异常：${find_context_aware_event_service.request.endTime}, 返回模板渲染结果: 2023-05-16
2023-05-31 19:26:19 [DEBUG]: --------self.session<requests.sessions.Session object at 0x03A9AA18>
2023-05-31 19:26:19 [DEBUG]: use headers{'User-Agent': 'Mozilla/5.0 (Windows NT 10.0; Win64; x64) AppleWebKit/537.36 (KHTML, like Gecko) Chrome/113.0.0.0 Safari/537.36', 'Accept-Encoding': 'gzip, deflate', 'Accept': '*/*', 'Connection': 'keep-alive', 'X-XSRF-TOKEN': '972BA24DEE1B6915AE02D00A78EF22955DB2287CBB02CBAD1541C49F776F0AEA9E3A203216918CD924CE979BEA64F2D56D8E'}send request
2023-05-31 19:26:19 [DEBUG]: GET request to https://welink.huaweicloud.com/athenatenant/v1/findcontextawareevent
2023-05-31 19:26:19 [DEBUG]: Starting new HTTPS connection (1): welink.huaweicloud.com:443
2023-05-31 19:26:19 [DEBUG]: https://welink.huaweicloud.com:443 "GET /athenatenant/v1/findcontextawareevent?name=&pageNumber=1&pageSize=10&startTime=2023-04-16&endTime=2023-05-16&n=0.5998682653328589&language=zh HTTP/1.1" 402 None
2023-05-31 19:26:19 [DEBUG]: status code: 402
2023-05-31 19:26:19 [DEBUG]: response body: {"code":"402","data":"","error":"The user has not logged in or the login is invalid","message":"Internal service error."}
2023-05-31 19:26:19 [DEBUG]: <Response [402]>
